<?xml version="1.0" encoding="UTF-8"?>
<testng-results skipped="0" failed="0" ignored="0" total="2" passed="2">
  <reporter-output>
  </reporter-output>
  <suite name="com.yaams.Rest.MainTest" duration-ms="16" started-at="2017-04-18T02:29:18Z" finished-at="2017-04-18T02:29:18Z">
    <groups>
    </groups>
    <test name="Command line test" duration-ms="16" started-at="2017-04-18T02:29:18Z" finished-at="2017-04-18T02:29:18Z">
      <class name="com.yaams.Rest.MainTest">
        <test-method status="PASS" signature="addServletHandler()[pri:0, instance:com.yaams.Rest.MainTest@7946e1f4]" name="addServletHandler" duration-ms="4" started-at="2017-04-17T19:29:18Z" finished-at="2017-04-17T19:29:18Z">
          <reporter-output>
          </reporter-output>
        </test-method> <!-- addServletHandler -->
        <test-method status="PASS" signature="addWebFiles()[pri:0, instance:com.yaams.Rest.MainTest@7946e1f4]" name="addWebFiles" duration-ms="0" started-at="2017-04-17T19:29:18Z" finished-at="2017-04-17T19:29:18Z">
          <reporter-output>
          </reporter-output>
        </test-method> <!-- addWebFiles -->
      </class> <!-- com.yaams.Rest.MainTest -->
    </test> <!-- Command line test -->
  </suite> <!-- com.yaams.Rest.MainTest -->
</testng-results>
